<?xml version="1.0" encoding="UTF-8"?>
<!-- Generated by org.testng.reporters.JUnitReportReporter -->
<testsuite hostname="DESKTOP-L37OABQ" failures="0" tests="6" name="mavenpack.Petstore" time="61.018" errors="0" timestamp="2025-10-06T09:57:37 IST" skipped="0">
  <testcase classname="mavenpack.Petstore" name="test" time="4.989"/>
  <testcase classname="mavenpack.Petstore" name="regist" time="32.266"/>
  <testcase classname="mavenpack.Petstore" name="log" time="7.040"/>
  <testcase classname="mavenpack.Petstore" name="tests" time="0.047"/>
  <testcase classname="mavenpack.Petstore" name="order" time="9.562"/>
  <testcase classname="mavenpack.Petstore" name="confirm" time="7.114"/>
</testsuite> <!-- mavenpack.Petstore -->
