<?xml version="1.0" encoding="UTF-8"?>
<testng-results ignored="0" total="6" passed="6" failed="0" skipped="0">
  <reporter-output>
  </reporter-output>
  <suite started-at="2025-10-06T09:56:30 IST" name="Default suite" finished-at="2025-10-06T09:57:37 IST" duration-ms="66026">
    <groups>
    </groups>
    <test started-at="2025-10-06T09:56:30 IST" name="Default test" finished-at="2025-10-06T09:57:37 IST" duration-ms="66026">
      <class name="mavenpack.Petstore">
        <test-method is-config="true" signature="beforeTest()[pri:0, instance:mavenpack.Petstore@22ff4249]" started-at="2025-10-06T09:56:31 IST" name="beforeTest" finished-at="2025-10-06T09:56:35 IST" duration-ms="4917" status="PASS">
          <reporter-output>
          </reporter-output>
        </test-method> <!-- beforeTest -->
        <test-method signature="test()[pri:1, instance:mavenpack.Petstore@22ff4249]" started-at="2025-10-06T09:56:35 IST" name="test" finished-at="2025-10-06T09:56:40 IST" duration-ms="4989" status="PASS">
          <reporter-output>
          </reporter-output>
        </test-method> <!-- test -->
        <test-method signature="regist()[pri:2, instance:mavenpack.Petstore@22ff4249]" started-at="2025-10-06T09:56:40 IST" name="regist" finished-at="2025-10-06T09:57:13 IST" duration-ms="32266" status="PASS">
          <reporter-output>
          </reporter-output>
        </test-method> <!-- regist -->
        <test-method signature="log()[pri:3, instance:mavenpack.Petstore@22ff4249]" started-at="2025-10-06T09:57:13 IST" name="log" finished-at="2025-10-06T09:57:20 IST" duration-ms="7040" status="PASS">
          <reporter-output>
          </reporter-output>
        </test-method> <!-- log -->
        <test-method signature="tests()[pri:4, instance:mavenpack.Petstore@22ff4249]" started-at="2025-10-06T09:57:20 IST" name="tests" finished-at="2025-10-06T09:57:20 IST" duration-ms="47" status="PASS">
          <reporter-output>
          </reporter-output>
        </test-method> <!-- tests -->
        <test-method signature="order()[pri:5, instance:mavenpack.Petstore@22ff4249]" started-at="2025-10-06T09:57:20 IST" name="order" finished-at="2025-10-06T09:57:29 IST" duration-ms="9562" status="PASS">
          <reporter-output>
          </reporter-output>
        </test-method> <!-- order -->
        <test-method signature="confirm()[pri:6, instance:mavenpack.Petstore@22ff4249]" started-at="2025-10-06T09:57:29 IST" name="confirm" finished-at="2025-10-06T09:57:37 IST" duration-ms="7114" status="PASS">
          <reporter-output>
          </reporter-output>
        </test-method> <!-- confirm -->
        <test-method is-config="true" signature="afterTest()[pri:0, instance:mavenpack.Petstore@22ff4249]" started-at="2025-10-06T09:57:37 IST" name="afterTest" finished-at="2025-10-06T09:57:37 IST" duration-ms="6" status="PASS">
          <reporter-output>
          </reporter-output>
        </test-method> <!-- afterTest -->
      </class> <!-- mavenpack.Petstore -->
    </test> <!-- Default test -->
  </suite> <!-- Default suite -->
</testng-results>
